# JRE version: OpenJDK Runtime Environment (8.0_242-b01) (build 1.8.0_242-release-1644-b01)
# Java VM: OpenJDK 64-Bit Server VM (25.242-b01 mixed mode windows-amd64 compressed oops)
Heap:
 PSYoungGen      total 577024K, used 207415K [0x00000000d5580000, 0x0000000100000000, 0x0000000100000000)
  eden space 533504K, 33% used [0x00000000d5580000,0x00000000e02cca08,0x00000000f5e80000)
  from space 43520K, 68% used [0x00000000f5e80000,0x00000000f7bc15a0,0x00000000f8900000)
  to   space 45568K, 0% used [0x00000000fd380000,0x00000000fd380000,0x0000000100000000)
 ParOldGen       total 227840K, used 59188K [0x0000000080000000, 0x000000008de80000, 0x00000000d5580000)
  object space 227840K, 25% used [0x0000000080000000,0x00000000839cd048,0x000000008de80000)
 Metaspace       used 112116K, capacity 118310K, committed 118488K, reserved 1153024K
  class space    used 14672K, capacity 15853K, committed 15872K, reserved 1048576K
GC Heap History (10 events):
Event: 282.835 GC heap before
{Heap before GC invocations=15 (full 3):
 PSYoungGen      total 424448K, used 180008K [0x00000000d5580000, 0x00000000f7200000, 0x0000000100000000)
  eden space 396800K, 38% used [0x00000000d5580000,0x00000000dea4f688,0x00000000ed900000)
  from space 27648K, 99% used [0x00000000ed900000,0x00000000ef3facb0,0x00000000ef400000)
  to   space 42496K, 0% used [0x00000000f4880000,0x00000000f4880000,0x00000000f7200000)
 ParOldGen       total 150528K, used 75240K [0x0000000080000000, 0x0000000089300000, 0x00000000d5580000)
  object space 150528K, 49% used [0x0000000080000000,0x000000008497a138,0x0000000089300000)
 Metaspace       used 93841K, capacity 98308K, committed 98380K, reserved 1134592K
  class space    used 12352K, capacity 13295K, committed 13312K, reserved 1048576K
Event: 282.863 GC heap after
Heap after GC invocations=15 (full 3):
 PSYoungGen      total 501760K, used 8388K [0x00000000d5580000, 0x00000000f6c80000, 0x0000000100000000)
  eden space 464896K, 0% used [0x00000000d5580000,0x00000000d5580000,0x00000000f1b80000)
  from space 36864K, 22% used [0x00000000f4880000,0x00000000f50b1018,0x00000000f6c80000)
  to   space 41472K, 0% used [0x00000000f1b80000,0x00000000f1b80000,0x00000000f4400000)
 ParOldGen       total 150528K, used 100094K [0x0000000080000000, 0x0000000089300000, 0x00000000d5580000)
  object space 150528K, 66% used [0x0000000080000000,0x00000000861bf828,0x0000000089300000)
 Metaspace       used 93841K, capacity 98308K, committed 98380K, reserved 1134592K
  class space    used 12352K, capacity 13295K, committed 13312K, reserved 1048576K
}
Event: 282.863 GC heap before
{Heap before GC invocations=16 (full 4):
 PSYoungGen      total 501760K, used 8388K [0x00000000d5580000, 0x00000000f6c80000, 0x0000000100000000)
  eden space 464896K, 0% used [0x00000000d5580000,0x00000000d5580000,0x00000000f1b80000)
  from space 36864K, 22% used [0x00000000f4880000,0x00000000f50b1018,0x00000000f6c80000)
  to   space 41472K, 0% used [0x00000000f1b80000,0x00000000f1b80000,0x00000000f4400000)
 ParOldGen       total 150528K, used 100094K [0x0000000080000000, 0x0000000089300000, 0x00000000d5580000)
  object space 150528K, 66% used [0x0000000080000000,0x00000000861bf828,0x0000000089300000)
 Metaspace       used 93841K, capacity 98308K, committed 98380K, reserved 1134592K
  class space    used 12352K, capacity 13295K, committed 13312K, reserved 1048576K
Event: 283.120 GC heap after
Heap after GC invocations=16 (full 4):
 PSYoungGen      total 501760K, used 0K [0x00000000d5580000, 0x00000000f6c80000, 0x0000000100000000)
  eden space 464896K, 0% used [0x00000000d5580000,0x00000000d5580000,0x00000000f1b80000)
  from space 36864K, 0% used [0x00000000f4880000,0x00000000f4880000,0x00000000f6c80000)
  to   space 41472K, 0% used [0x00000000f1b80000,0x00000000f1b80000,0x00000000f4400000)
 ParOldGen       total 227840K, used 59164K [0x0000000080000000, 0x000000008de80000, 0x00000000d5580000)
  object space 227840K, 25% used [0x0000000080000000,0x00000000839c7048,0x000000008de80000)
 Metaspace       used 93755K, capacity 98062K, committed 98380K, reserved 1134592K
  class space    used 12324K, capacity 13246K, committed 13312K, reserved 1048576K
}
Event: 312.655 GC heap before
{Heap before GC invocations=17 (full 4):
 PSYoungGen      total 501760K, used 464895K [0x00000000d5580000, 0x00000000f6c80000, 0x0000000100000000)
  eden space 464896K, 99% used [0x00000000d5580000,0x00000000f1b7fc88,0x00000000f1b80000)
  from space 36864K, 0% used [0x00000000f4880000,0x00000000f4880000,0x00000000f6c80000)
  to   space 41472K, 0% used [0x00000000f1b80000,0x00000000f1b80000,0x00000000f4400000)
 ParOldGen       total 227840K, used 59164K [0x0000000080000000, 0x000000008de80000, 0x00000000d5580000)
  object space 227840K, 25% used [0x0000000080000000,0x00000000839c7048,0x000000008de80000)
 Metaspace       used 102203K, capacity 106846K, committed 106968K, reserved 1142784K
  class space    used 13348K, capacity 14311K, committed 14336K, reserved 1048576K
Event: 312.690 GC heap after
Heap after GC invocations=17 (full 4):
 PSYoungGen      total 506368K, used 16492K [0x00000000d5580000, 0x00000000fb680000, 0x0000000100000000)
  eden space 464896K, 0% used [0x00000000d5580000,0x00000000d5580000,0x00000000f1b80000)
  from space 41472K, 39% used [0x00000000f1b80000,0x00000000f2b9b0d8,0x00000000f4400000)
  to   space 38912K, 0% used [0x00000000f9080000,0x00000000f9080000,0x00000000fb680000)
 ParOldGen       total 227840K, used 59172K [0x0000000080000000, 0x000000008de80000, 0x00000000d5580000)
  object space 227840K, 25% used [0x0000000080000000,0x00000000839c9048,0x000000008de80000)
 Metaspace       used 102203K, capacity 106846K, committed 106968K, reserved 1142784K
  class space    used 13348K, capacity 14311K, committed 14336K, reserved 1048576K
}
Event: 335.898 GC heap before
{Heap before GC invocations=18 (full 4):
 PSYoungGen      total 506368K, used 481388K [0x00000000d5580000, 0x00000000fb680000, 0x0000000100000000)
  eden space 464896K, 100% used [0x00000000d5580000,0x00000000f1b80000,0x00000000f1b80000)
  from space 41472K, 39% used [0x00000000f1b80000,0x00000000f2b9b0d8,0x00000000f4400000)
  to   space 38912K, 0% used [0x00000000f9080000,0x00000000f9080000,0x00000000fb680000)
 ParOldGen       total 227840K, used 59172K [0x0000000080000000, 0x000000008de80000, 0x00000000d5580000)
  object space 227840K, 25% used [0x0000000080000000,0x00000000839c9048,0x000000008de80000)
 Metaspace       used 111191K, capacity 117190K, committed 117464K, reserved 1150976K
  class space    used 14574K, capacity 15771K, committed 15872K, reserved 1048576K
Event: 335.942 GC heap after
Heap after GC invocations=18 (full 4):
 PSYoungGen      total 568832K, used 35361K [0x00000000d5580000, 0x00000000fb380000, 0x0000000100000000)
  eden space 532992K, 0% used [0x00000000d5580000,0x00000000d5580000,0x00000000f5e00000)
  from space 35840K, 98% used [0x00000000f9080000,0x00000000fb308700,0x00000000fb380000)
  to   space 43520K, 0% used [0x00000000f5e80000,0x00000000f5e80000,0x00000000f8900000)
 ParOldGen       total 227840K, used 59180K [0x0000000080000000, 0x000000008de80000, 0x00000000d5580000)
  object space 227840K, 25% used [0x0000000080000000,0x00000000839cb048,0x000000008de80000)
 Metaspace       used 111191K, capacity 117190K, committed 117464K, reserved 1150976K
  class space    used 14574K, capacity 15771K, committed 15872K, reserved 1048576K
}
Event: 340.234 GC heap before
{Heap before GC invocations=19 (full 4):
 PSYoungGen      total 568832K, used 568353K [0x00000000d5580000, 0x00000000fb380000, 0x0000000100000000)
  eden space 532992K, 100% used [0x00000000d5580000,0x00000000f5e00000,0x00000000f5e00000)
  from space 35840K, 98% used [0x00000000f9080000,0x00000000fb308700,0x00000000fb380000)
  to   space 43520K, 0% used [0x00000000f5e80000,0x00000000f5e80000,0x00000000f8900000)
 ParOldGen       total 227840K, used 59180K [0x0000000080000000, 0x000000008de80000, 0x00000000d5580000)
  object space 227840K, 25% used [0x0000000080000000,0x00000000839cb048,0x000000008de80000)
 Metaspace       used 111406K, capacity 117502K, committed 117720K, reserved 1150976K
  class space    used 14601K, capacity 15783K, committed 15872K, reserved 1048576K
Event: 340.277 GC heap after
Heap after GC invocations=19 (full 4):
 PSYoungGen      total 577024K, used 29957K [0x00000000d5580000, 0x0000000100000000, 0x0000000100000000)
  eden space 533504K, 0% used [0x00000000d5580000,0x00000000d5580000,0x00000000f5e80000)
  from space 43520K, 68% used [0x00000000f5e80000,0x00000000f7bc15a0,0x00000000f8900000)
  to   space 45568K, 0% used [0x00000000fd380000,0x00000000fd380000,0x0000000100000000)
 ParOldGen       total 227840K, used 59188K [0x0000000080000000, 0x000000008de80000, 0x00000000d5580000)
  object space 227840K, 25% used [0x0000000080000000,0x00000000839cd048,0x000000008de80000)
 Metaspace       used 111406K, capacity 117502K, committed 117720K, reserved 1150976K
  class space    used 14601K, capacity 15783K, committed 15872K, reserved 1048576K
}

